# JRE version: OpenJDK Runtime Environment (8.0_152-b01) (build 1.8.0_152-release-1343-b01)
# Java VM: OpenJDK 64-Bit Server VM (25.152-b01 mixed mode windows-amd64 compressed oops)
Heap:
 PSYoungGen      total 246784K, used 65267K [0x00000000e0000000, 0x00000000f5580000, 0x0000000100000000)
  eden space 213504K, 30% used [0x00000000e0000000,0x00000000e3fbcca0,0x00000000ed080000)
  from space 33280K, 0% used [0x00000000f0580000,0x00000000f0580000,0x00000000f2600000)
  to   space 54272K, 0% used [0x00000000ed080000,0x00000000ed080000,0x00000000f0580000)
 ParOldGen       total 181248K, used 96657K [0x00000000a0000000, 0x00000000ab100000, 0x00000000e0000000)
  object space 181248K, 53% used [0x00000000a0000000,0x00000000a5e64460,0x00000000ab100000)
 Metaspace       used 86768K, capacity 89414K, committed 90880K, reserved 1128448K
  class space    used 11093K, capacity 11669K, committed 12032K, reserved 1048576K
GC Heap History (10 events):
Event: 54.468 GC heap before
{Heap before GC invocations=18 (full 3):
 PSYoungGen      total 184320K, used 169472K [0x00000000e0000000, 0x00000000ecb00000, 0x0000000100000000)
  eden space 169472K, 100% used [0x00000000e0000000,0x00000000ea580000,0x00000000ea580000)
  from space 14848K, 0% used [0x00000000eb480000,0x00000000eb480000,0x00000000ec300000)
  to   space 15360K, 0% used [0x00000000ea580000,0x00000000ea580000,0x00000000eb480000)
 ParOldGen       total 88576K, used 34738K [0x00000000a0000000, 0x00000000a5680000, 0x00000000e0000000)
  object space 88576K, 39% used [0x00000000a0000000,0x00000000a21ec980,0x00000000a5680000)
 Metaspace       used 65404K, capacity 67450K, committed 67712K, reserved 1107968K
  class space    used 8759K, capacity 9267K, committed 9344K, reserved 1048576K
Event: 54.688 GC heap after
Heap after GC invocations=18 (full 3):
 PSYoungGen      total 184832K, used 14264K [0x00000000e0000000, 0x00000000eea00000, 0x0000000100000000)
  eden space 169472K, 0% used [0x00000000e0000000,0x00000000e0000000,0x00000000ea580000)
  from space 15360K, 92% used [0x00000000ea580000,0x00000000eb36e050,0x00000000eb480000)
  to   space 17408K, 0% used [0x00000000ed900000,0x00000000ed900000,0x00000000eea00000)
 ParOldGen       total 88576K, used 34746K [0x00000000a0000000, 0x00000000a5680000, 0x00000000e0000000)
  object space 88576K, 39% used [0x00000000a0000000,0x00000000a21ee980,0x00000000a5680000)
 Metaspace       used 65404K, capacity 67450K, committed 67712K, reserved 1107968K
  class space    used 8759K, capacity 9267K, committed 9344K, reserved 1048576K
}
Event: 1617.305 GC heap before
{Heap before GC invocations=19 (full 3):
 PSYoungGen      total 184832K, used 183736K [0x00000000e0000000, 0x00000000eea00000, 0x0000000100000000)
  eden space 169472K, 100% used [0x00000000e0000000,0x00000000ea580000,0x00000000ea580000)
  from space 15360K, 92% used [0x00000000ea580000,0x00000000eb36e050,0x00000000eb480000)
  to   space 17408K, 0% used [0x00000000ed900000,0x00000000ed900000,0x00000000eea00000)
 ParOldGen       total 88576K, used 34746K [0x00000000a0000000, 0x00000000a5680000, 0x00000000e0000000)
  object space 88576K, 39% used [0x00000000a0000000,0x00000000a21ee980,0x00000000a5680000)
 Metaspace       used 71297K, capacity 73756K, committed 73856K, reserved 1114112K
  class space    used 9273K, capacity 9822K, committed 9856K, reserved 1048576K
Event: 1618.292 GC heap after
Heap after GC invocations=19 (full 3):
 PSYoungGen      total 216064K, used 17404K [0x00000000e0000000, 0x00000000eec00000, 0x0000000100000000)
  eden space 198656K, 0% used [0x00000000e0000000,0x00000000e0000000,0x00000000ec200000)
  from space 17408K, 99% used [0x00000000ed900000,0x00000000ee9ff070,0x00000000eea00000)
  to   space 21504K, 0% used [0x00000000ec200000,0x00000000ec200000,0x00000000ed700000)
 ParOldGen       total 88576K, used 39013K [0x00000000a0000000, 0x00000000a5680000, 0x00000000e0000000)
  object space 88576K, 44% used [0x00000000a0000000,0x00000000a2619558,0x00000000a5680000)
 Metaspace       used 71297K, capacity 73756K, committed 73856K, reserved 1114112K
  class space    used 9273K, capacity 9822K, committed 9856K, reserved 1048576K
}
Event: 1655.465 GC heap before
{Heap before GC invocations=20 (full 3):
 PSYoungGen      total 216064K, used 216060K [0x00000000e0000000, 0x00000000eec00000, 0x0000000100000000)
  eden space 198656K, 100% used [0x00000000e0000000,0x00000000ec200000,0x00000000ec200000)
  from space 17408K, 99% used [0x00000000ed900000,0x00000000ee9ff070,0x00000000eea00000)
  to   space 21504K, 0% used [0x00000000ec200000,0x00000000ec200000,0x00000000ed700000)
 ParOldGen       total 88576K, used 39013K [0x00000000a0000000, 0x00000000a5680000, 0x00000000e0000000)
  object space 88576K, 44% used [0x00000000a0000000,0x00000000a2619558,0x00000000a5680000)
 Metaspace       used 77935K, capacity 80490K, committed 80896K, reserved 1120256K
  class space    used 10049K, capacity 10649K, committed 10752K, reserved 1048576K
Event: 1658.250 GC heap after
Heap after GC invocations=20 (full 3):
 PSYoungGen      total 220160K, used 21487K [0x00000000e0000000, 0x00000000f2600000, 0x0000000100000000)
  eden space 198656K, 0% used [0x00000000e0000000,0x00000000e0000000,0x00000000ec200000)
  from space 21504K, 99% used [0x00000000ec200000,0x00000000ed6fbfa0,0x00000000ed700000)
  to   space 33280K, 0% used [0x00000000f0580000,0x00000000f0580000,0x00000000f2600000)
 ParOldGen       total 88576K, used 61333K [0x00000000a0000000, 0x00000000a5680000, 0x00000000e0000000)
  object space 88576K, 69% used [0x00000000a0000000,0x00000000a3be5748,0x00000000a5680000)
 Metaspace       used 77935K, capacity 80490K, committed 80896K, reserved 1120256K
  class space    used 10049K, capacity 10649K, committed 10752K, reserved 1048576K
}
Event: 1686.553 GC heap before
{Heap before GC invocations=21 (full 3):
 PSYoungGen      total 220160K, used 220143K [0x00000000e0000000, 0x00000000f2600000, 0x0000000100000000)
  eden space 198656K, 100% used [0x00000000e0000000,0x00000000ec200000,0x00000000ec200000)
  from space 21504K, 99% used [0x00000000ec200000,0x00000000ed6fbfa0,0x00000000ed700000)
  to   space 33280K, 0% used [0x00000000f0580000,0x00000000f0580000,0x00000000f2600000)
 ParOldGen       total 88576K, used 61333K [0x00000000a0000000, 0x00000000a5680000, 0x00000000e0000000)
  object space 88576K, 69% used [0x00000000a0000000,0x00000000a3be5748,0x00000000a5680000)
 Metaspace       used 87312K, capacity 90442K, committed 90624K, reserved 1128448K
  class space    used 11222K, capacity 11915K, committed 12032K, reserved 1048576K
Event: 1688.696 GC heap after
Heap after GC invocations=21 (full 3):
 PSYoungGen      total 246784K, used 33261K [0x00000000e0000000, 0x00000000f5580000, 0x0000000100000000)
  eden space 213504K, 0% used [0x00000000e0000000,0x00000000e0000000,0x00000000ed080000)
  from space 33280K, 99% used [0x00000000f0580000,0x00000000f25fb700,0x00000000f2600000)
  to   space 54272K, 0% used [0x00000000ed080000,0x00000000ed080000,0x00000000f0580000)
 ParOldGen       total 103424K, used 103008K [0x00000000a0000000, 0x00000000a6500000, 0x00000000e0000000)
  object space 103424K, 99% used [0x00000000a0000000,0x00000000a6498290,0x00000000a6500000)
 Metaspace       used 87312K, capacity 90442K, committed 90624K, reserved 1128448K
  class space    used 11222K, capacity 11915K, committed 12032K, reserved 1048576K
}
Event: 1688.703 GC heap before
{Heap before GC invocations=22 (full 4):
 PSYoungGen      total 246784K, used 33261K [0x00000000e0000000, 0x00000000f5580000, 0x0000000100000000)
  eden space 213504K, 0% used [0x00000000e0000000,0x00000000e0000000,0x00000000ed080000)
  from space 33280K, 99% used [0x00000000f0580000,0x00000000f25fb700,0x00000000f2600000)
  to   space 54272K, 0% used [0x00000000ed080000,0x00000000ed080000,0x00000000f0580000)
 ParOldGen       total 103424K, used 103008K [0x00000000a0000000, 0x00000000a6500000, 0x00000000e0000000)
  object space 103424K, 99% used [0x00000000a0000000,0x00000000a6498290,0x00000000a6500000)
 Metaspace       used 87312K, capacity 90442K, committed 90624K, reserved 1128448K
  class space    used 11222K, capacity 11915K, committed 12032K, reserved 1048576K
Event: 1700.552 GC heap after
Heap after GC invocations=22 (full 4):
 PSYoungGen      total 246784K, used 0K [0x00000000e0000000, 0x00000000f5580000, 0x0000000100000000)
  eden space 213504K, 0% used [0x00000000e0000000,0x00000000e0000000,0x00000000ed080000)
  from space 33280K, 0% used [0x00000000f0580000,0x00000000f0580000,0x00000000f2600000)
  to   space 54272K, 0% used [0x00000000ed080000,0x00000000ed080000,0x00000000f0580000)
 ParOldGen       total 181248K, used 96657K [0x00000000a0000000, 0x00000000ab100000, 0x00000000e0000000)
  object space 181248K, 53% used [0x00000000a0000000,0x00000000a5e64460,0x00000000ab100000)
 Metaspace       used 86546K, capacity 89122K, committed 90624K, reserved 1128448K
  class space    used 11087K, capacity 11667K, committed 12032K, reserved 1048576K
}

